<?xml version="1.0" encoding="utf-8"?><testsuites name="pytest tests"><testsuite name="pytest" errors="0" failures="0" skipped="0" tests="11" time="1.610" timestamp="2026-06-10T07:50:31.000843+00:00" hostname="agent-env-9e133fc4-8b65-4b9c-a956-368552e58ae5"><testcase classname="backend.tests.test_contact_api.TestHealth" name="test_root" time="0.312" /><testcase classname="backend.tests.test_contact_api.TestHealth" name="test_health" time="0.046" /><testcase classname="backend.tests.test_contact_api.TestContactValidation" name="test_invalid_email" time="0.046" /><testcase classname="backend.tests.test_contact_api.TestContactValidation" name="test_empty_message" time="0.054" /><testcase classname="backend.tests.test_contact_api.TestContactValidation" name="test_short_message" time="0.049" /><testcase classname="backend.tests.test_contact_api.TestContactValidation" name="test_empty_name" time="0.048" /><testcase classname="backend.tests.test_contact_api.TestContactCreateAndList" name="test_create_minimal_and_persist" time="0.102" /><testcase classname="backend.tests.test_contact_api.TestContactCreateAndList" name="test_create_full_payload" time="0.046" /><testcase classname="backend.tests.test_contact_api.TestContactCreateAndList" name="test_list_sorted_desc" time="0.758" /><testcase classname="backend.tests.test_contact_api.TestCORS" name="test_cors_preflight" time="0.016" /><testcase classname="backend.tests.test_contact_api.TestCORS" name="test_cors_on_get" time="0.045" /></testsuite></testsuites>